Using pre-set license
Built from '2021.1/staging' branch; Version is '2021.1.9f1 (7a790e367ab3) revision 8026382'; Using compiler version '192528614'; Build Type 'Release'
OS: 'Windows 10 Home; OS build 19042.985; Version 2009; 64bit' Language: 'en' Physical Memory: 32691 MB
BatchMode: 1, IsHumanControllingUs: 0, StartBugReporterOnCrash: 0, Is64bit: 1, IsPro: 0

 COMMAND LINE ARGUMENTS:
D:\Unity\Hub\Editor\2021.1.9f1\Editor\Unity.exe
-adb2
-batchMode
-noUpm
-name
AssetImportWorker0
-projectPath
D:/Unity 3d Gamedev course/Project Boost
-logFile
Logs/AssetImportWorker0.log
-srvPort
53477
Successfully changed project path to: D:/Unity 3d Gamedev course/Project Boost
D:/Unity 3d Gamedev course/Project Boost
Using Asset Import Pipeline V2.
Refreshing native plugins compatible for Editor in 66.28 ms, found 3 plugins.
Preloading 0 native plugins for Editor in 0.00 ms.
Initialize engine version: 2021.1.9f1 (7a790e367ab3)
[Subsystems] Discovering subsystems at path D:/Unity/Hub/Editor/2021.1.9f1/Editor/Data/Resources/UnitySubsystems
[Subsystems] Discovering subsystems at path D:/Unity 3d Gamedev course/Project Boost/Assets
GfxDevice: creating device client; threaded=0; jobified=0
Direct3D:
    Version:  Direct3D 11.0 [level 11.1]
    Renderer: NVIDIA GeForce RTX 2070 SUPER (ID=0x1e84)
    Vendor:   NVIDIA
    VRAM:     8011 MB
    Driver:   27.21.14.6611
Initialize mono
Mono path[0] = 'D:/Unity/Hub/Editor/2021.1.9f1/Editor/Data/Managed'
Mono path[1] = 'D:/Unity/Hub/Editor/2021.1.9f1/Editor/Data/MonoBleedingEdge/lib/mono/unityjit'
Mono config path = 'D:/Unity/Hub/Editor/2021.1.9f1/Editor/Data/MonoBleedingEdge/etc'
Using monoOptions --debugger-agent=transport=dt_socket,embedding=1,server=y,suspend=n,address=127.0.0.1:56516
Begin MonoManager ReloadAssembly
Registering precompiled unity dll's ...
Register platform support module: D:/Unity/Hub/Editor/2021.1.9f1/Editor/Data/PlaybackEngines/WebGLSupport/UnityEditor.WebGL.Extensions.dll
Register platform support module: D:/Unity/Hub/Editor/2021.1.9f1/Editor/Data/PlaybackEngines/WindowsStandaloneSupport/UnityEditor.WindowsStandalone.Extensions.dll
Registered in 0.001080 seconds.
Native extension for WindowsStandalone target not found
Native extension for WebGL target not found
Refreshing native plugins compatible for Editor in 69.62 ms, found 3 plugins.
Preloading 0 native plugins for Editor in 0.00 ms.
Mono: successfully reloaded assembly
- Completed reload, in  0.860 seconds
Domain Reload Profiling:
	ReloadAssembly (861ms)
		BeginReloadAssembly (41ms)
			ExecutionOrderSort (0ms)
			DisableScriptedObjects (0ms)
			BackupInstance (0ms)
			ReleaseScriptingObjects (0ms)
			CreateAndSetChildDomain (1ms)
		EndReloadAssembly (375ms)
			LoadAssemblies (41ms)
			RebuildTransferFunctionScriptingTraits (0ms)
			SetupTypeCache (135ms)
			ReleaseScriptCaches (0ms)
			RebuildScriptCaches (25ms)
			SetupLoadedEditorAssemblies (181ms)
				LogAssemblyErrors (0ms)
				InitializePlatformSupportModulesInManaged (6ms)
				SetLoadedEditorAssemblies (0ms)
				RefreshPlugins (70ms)
				BeforeProcessingInitializeOnLoad (1ms)
				ProcessInitializeOnLoadAttributes (81ms)
				ProcessInitializeOnLoadMethodAttributes (24ms)
				AfterProcessingInitializeOnLoad (0ms)
				EditorAssembliesLoaded (0ms)
			ExecutionOrderSort2 (0ms)
			AwakeInstancesAfterBackupRestoration (0ms)
Platform modules already initialized, skipping
Registering precompiled user dll's ...
Registered in 0.002971 seconds.
Begin MonoManager ReloadAssembly
Symbol file LoadedFromMemory doesn't match image D:\Unity 3d Gamedev course\Project Boost\Library\PackageCache\com.unity.visualscripting@1.6.1\Editor\VisualScripting.Core\Dependencies\YamlDotNet\Unity.VisualScripting.YamlDotNet.dll
Symbol file LoadedFromMemory doesn't match image D:\Unity 3d Gamedev course\Project Boost\Library\PackageCache\com.unity.visualscripting@1.6.1\Editor\VisualScripting.Core\Dependencies\DotNetZip\Unity.VisualScripting.IonicZip.dll
Native extension for WindowsStandalone target not found
Native extension for WebGL target not found
Refreshing native plugins compatible for Editor in 0.59 ms, found 3 plugins.
Preloading 0 native plugins for Editor in 0.00 ms.
Mono: successfully reloaded assembly
- Completed reload, in  0.900 seconds
Domain Reload Profiling:
	ReloadAssembly (900ms)
		BeginReloadAssembly (122ms)
			ExecutionOrderSort (0ms)
			DisableScriptedObjects (4ms)
			BackupInstance (0ms)
			ReleaseScriptingObjects (0ms)
			CreateAndSetChildDomain (18ms)
		EndReloadAssembly (730ms)
			LoadAssemblies (76ms)
			RebuildTransferFunctionScriptingTraits (0ms)
			SetupTypeCache (278ms)
			ReleaseScriptCaches (1ms)
			RebuildScriptCaches (40ms)
			SetupLoadedEditorAssemblies (256ms)
				LogAssemblyErrors (0ms)
				InitializePlatformSupportModulesInManaged (4ms)
				SetLoadedEditorAssemblies (0ms)
				RefreshPlugins (1ms)
				BeforeProcessingInitializeOnLoad (57ms)
				ProcessInitializeOnLoadAttributes (187ms)
				ProcessInitializeOnLoadMethodAttributes (3ms)
				AfterProcessingInitializeOnLoad (2ms)
				EditorAssembliesLoaded (0ms)
			ExecutionOrderSort2 (0ms)
			AwakeInstancesAfterBackupRestoration (6ms)
Platform modules already initialized, skipping
========================================================================
Worker process is ready to serve import requests
Launched and connected shader compiler UnityShaderCompiler.exe after 0.04 seconds
Refreshing native plugins compatible for Editor in 0.60 ms, found 3 plugins.
Preloading 0 native plugins for Editor in 0.00 ms.
Unloading 2937 Unused Serialized files (Serialized files now loaded: 0)
System memory in use before: 105.5 MB.
System memory in use after: 105.7 MB.

Unloading 23 unused Assets to reduce memory usage. Loaded Objects now: 3381.
Total: 2.022700 ms (FindLiveObjects: 0.272500 ms CreateObjectMapping: 0.075000 ms MarkObjects: 1.610500 ms  DeleteObjects: 0.063900 ms)

AssetImportParameters requested are different than current active one (requested -> active):
  custom:framework-win-MediaFoundation: 216162199b28c13a410421893ffa2e32 -> 
  custom:video-decoder-ogg-theora: a1e56fd34408186e4bbccfd4996cb3dc -> 
  custom:container-muxer-webm: aa71ff27fc2769a1b78a27578f13a17b -> 
  custom:container-demuxer-webm: 4f35f7cbe854078d1ac9338744f61a02 -> 
  custom:container-demuxer-ogg: 62fdf1f143b41e24485cea50d1cbac27 -> 
  custom:video-encoder-webm-vp8: eb34c28f22e8b96e1ab97ce403110664 -> 
  custom:video-decoder-webm-vp8: 9c59270c3fd7afecdb556c50c9e8de78 -> 
  custom:audio-decoder-ogg-vorbis: bf7c407c2cedff20999df2af8eb42d56 -> 
  custom:audio-encoder-webm-vorbis: bf7c407c2cedff20999df2af8eb42d56 -> 
========================================================================
Received Import Request.
  path: Assets
  artifactKey: Guid(00000000000000001000000000000000) Importer(815301076,1909f56bfc062723c751e8b465ee728b)
Start importing Assets using Guid(00000000000000001000000000000000) Importer(815301076,1909f56bfc062723c751e8b465ee728b)  -> (artifact id: '9349545f95313b604a33dad941650402') in 0.008335 seconds 
========================================================================
Received Import Request.
  Time since last request: 4.454529 seconds.
  path: Assets/Ground.mat
  artifactKey: Guid(cc3fb7fdaeda7384397b90bc77866b95) Importer(815301076,1909f56bfc062723c751e8b465ee728b)
Start importing Assets/Ground.mat using Guid(cc3fb7fdaeda7384397b90bc77866b95) Importer(815301076,1909f56bfc062723c751e8b465ee728b)  -> (artifact id: '333155bfacdfc40f1096a9d82d84a759') in 0.090633 seconds 
========================================================================
Received Import Request.
  Time since last request: 209.698475 seconds.
  path: Assets/Launch Pad Material.mat
  artifactKey: Guid(91f2a80a919c71e48b01a8674dd54b98) Importer(815301076,1909f56bfc062723c751e8b465ee728b)
Start importing Assets/Launch Pad Material.mat using Guid(91f2a80a919c71e48b01a8674dd54b98) Importer(815301076,1909f56bfc062723c751e8b465ee728b)  -> (artifact id: '6e395c14877d2433f5c6700122e2a150') in 0.010226 seconds 
========================================================================
Received Import Request.
  Time since last request: 10.054492 seconds.
  path: Assets/Ground.mat
  artifactKey: Guid(cc3fb7fdaeda7384397b90bc77866b95) Importer(815301076,1909f56bfc062723c751e8b465ee728b)
Start importing Assets/Ground.mat using Guid(cc3fb7fdaeda7384397b90bc77866b95) Importer(815301076,1909f56bfc062723c751e8b465ee728b)  -> (artifact id: '4791f4cd2f5a24852ca3b9ad7d6b77fb') in 0.009708 seconds 
========================================================================
Received Import Request.
  Time since last request: 18.160806 seconds.
  path: Assets/Landing Pad Material.mat
  artifactKey: Guid(008d01b8e422b0e4f841ecea412d7e68) Importer(815301076,1909f56bfc062723c751e8b465ee728b)
Start importing Assets/Landing Pad Material.mat using Guid(008d01b8e422b0e4f841ecea412d7e68) Importer(815301076,1909f56bfc062723c751e8b465ee728b)  -> (artifact id: 'e03bf04ed56e0cac8a9b8c28b2d086cd') in 0.009725 seconds 
========================================================================
Received Import Request.
  Time since last request: 180.577204 seconds.
  path: Assets/Rocket Material.mat
  artifactKey: Guid(baffc60ab4c985645beabf7f581b258b) Importer(815301076,1909f56bfc062723c751e8b465ee728b)
Start importing Assets/Rocket Material.mat using Guid(baffc60ab4c985645beabf7f581b258b) Importer(815301076,1909f56bfc062723c751e8b465ee728b)  -> (artifact id: '22ef1b87ca11c936d8ce3ee9ecbd0d6c') in 0.010004 seconds 
========================================================================
Received Import Request.
  Time since last request: 238.950445 seconds.
  path: Assets/Launching Pad.prefab
  artifactKey: Guid(41b05add4a752334a8a056ad0717d189) Importer(815301076,1909f56bfc062723c751e8b465ee728b)
Start importing Assets/Launching Pad.prefab using Guid(41b05add4a752334a8a056ad0717d189) Importer(815301076,1909f56bfc062723c751e8b465ee728b)  -> (artifact id: 'd95b045652bf1fb5dcd1a17cf37b385b') in 0.022589 seconds 
========================================================================
Received Import Request.
  Time since last request: 3.161428 seconds.
  path: Assets/Landing Pad.prefab
  artifactKey: Guid(501dcfb101585c64399926ea15ed9b7f) Importer(815301076,1909f56bfc062723c751e8b465ee728b)
Start importing Assets/Landing Pad.prefab using Guid(501dcfb101585c64399926ea15ed9b7f) Importer(815301076,1909f56bfc062723c751e8b465ee728b)  -> (artifact id: '23aad9f9abf02beab85e19afe275d6fe') in 0.008249 seconds 
========================================================================
Received Import Request.
  Time since last request: 10.059548 seconds.
  path: Assets/Scenes
  artifactKey: Guid(4a638c6ec30b3234dba96800d45d51b9) Importer(815301076,1909f56bfc062723c751e8b465ee728b)
Start importing Assets/Scenes using Guid(4a638c6ec30b3234dba96800d45d51b9) Importer(815301076,1909f56bfc062723c751e8b465ee728b)  -> (artifact id: 'f1ba5130bd1e6449b26d1a60b6453002') in 0.005598 seconds 
========================================================================
Received Import Request.
  Time since last request: 8.125322 seconds.
  path: Assets/Scenes/Prefap
  artifactKey: Guid(1f1a18c691f44b2479d1d6112cf838f9) Importer(815301076,1909f56bfc062723c751e8b465ee728b)
Start importing Assets/Scenes/Prefap using Guid(1f1a18c691f44b2479d1d6112cf838f9) Importer(815301076,1909f56bfc062723c751e8b465ee728b)  -> (artifact id: '041c738df067bc8294baed1f1c8b6560') in 0.004985 seconds 
========================================================================
Received Import Request.
  Time since last request: 32.919327 seconds.
  path: Assets/Scenes/Material
  artifactKey: Guid(0de7cd08d85738340b788f6bb1339ed3) Importer(815301076,1909f56bfc062723c751e8b465ee728b)
Start importing Assets/Scenes/Material using Guid(0de7cd08d85738340b788f6bb1339ed3) Importer(815301076,1909f56bfc062723c751e8b465ee728b)  -> (artifact id: '0a77be0488477db51486d3753d93aabc') in 0.005323 seconds 
========================================================================
Received Import Request.
  Time since last request: 78.852559 seconds.
  path: Assets/Scenes/Prefap/Rocket.prefab
  artifactKey: Guid(0251617880507e44fb1bf7fe8d54f686) Importer(815301076,1909f56bfc062723c751e8b465ee728b)
Start importing Assets/Scenes/Prefap/Rocket.prefab using Guid(0251617880507e44fb1bf7fe8d54f686) Importer(815301076,1909f56bfc062723c751e8b465ee728b)  -> (artifact id: 'd9dbc2355e9dfe19651edecb3fa9dbc6') in 0.009557 seconds 
========================================================================
Received Import Request.
  Time since last request: 40.517708 seconds.
  path: Assets/Scenes/SampleScene.unity
  artifactKey: Guid(9fc0d4010bbf28b4594072e72b8655ab) Importer(815301076,1909f56bfc062723c751e8b465ee728b)
Start importing Assets/Scenes/SampleScene.unity using Guid(9fc0d4010bbf28b4594072e72b8655ab) Importer(815301076,1909f56bfc062723c751e8b465ee728b)  -> (artifact id: 'ff7d9764c7da3fab9d7cf6b6a8a2b7a8') in 0.006629 seconds 
========================================================================
Received Import Request.
  Time since last request: 13.738898 seconds.
  path: Assets/Scenes/Sandbox.unity
  artifactKey: Guid(9fc0d4010bbf28b4594072e72b8655ab) Importer(815301076,1909f56bfc062723c751e8b465ee728b)
Start importing Assets/Scenes/Sandbox.unity using Guid(9fc0d4010bbf28b4594072e72b8655ab) Importer(815301076,1909f56bfc062723c751e8b465ee728b)  -> (artifact id: 'bd8e5edf444186992f50cb2d6eaf0c3a') in 0.007459 seconds 
========================================================================
Received Import Request.
  Time since last request: 81.260327 seconds.
  path: Assets/Scenes/Material/Landing Pad Material.mat
  artifactKey: Guid(008d01b8e422b0e4f841ecea412d7e68) Importer(815301076,1909f56bfc062723c751e8b465ee728b)
Start importing Assets/Scenes/Material/Landing Pad Material.mat using Guid(008d01b8e422b0e4f841ecea412d7e68) Importer(815301076,1909f56bfc062723c751e8b465ee728b)  -> (artifact id: 'cd436af9f8a5ea3ef504658cb529683c') in 0.010325 seconds 
========================================================================
Received Import Request.
  Time since last request: 0.000118 seconds.
  path: Assets/Scenes/Material/Launch Pad Material.mat
  artifactKey: Guid(91f2a80a919c71e48b01a8674dd54b98) Importer(815301076,1909f56bfc062723c751e8b465ee728b)
Start importing Assets/Scenes/Material/Launch Pad Material.mat using Guid(91f2a80a919c71e48b01a8674dd54b98) Importer(815301076,1909f56bfc062723c751e8b465ee728b)  -> (artifact id: 'b130de802679e7212ed7d8acbf57bfb0') in 0.010440 seconds 
========================================================================
Received Import Request.
  Time since last request: 0.000140 seconds.
  path: Assets/Scenes/Material/Rocket Material.mat
  artifactKey: Guid(baffc60ab4c985645beabf7f581b258b) Importer(815301076,1909f56bfc062723c751e8b465ee728b)
Start importing Assets/Scenes/Material/Rocket Material.mat using Guid(baffc60ab4c985645beabf7f581b258b) Importer(815301076,1909f56bfc062723c751e8b465ee728b)  -> (artifact id: '898975f5a8befe39ecbb5c3bee41bdd7') in 0.010385 seconds 
========================================================================
Received Import Request.
  Time since last request: 123.421540 seconds.
  path: Assets/Movment.cs
  artifactKey: Guid(21071435ad8465244ac1af5f177752ae) Importer(815301076,1909f56bfc062723c751e8b465ee728b)
Start importing Assets/Movment.cs using Guid(21071435ad8465244ac1af5f177752ae) Importer(815301076,1909f56bfc062723c751e8b465ee728b)  -> (artifact id: '24bffe58cab91f1cfaa4ccbcf1c76faa') in 0.012016 seconds 
========================================================================
Received Prepare
Registering precompiled user dll's ...
Registered in 0.003084 seconds.
Begin MonoManager ReloadAssembly
Symbol file LoadedFromMemory doesn't match image D:\Unity 3d Gamedev course\Project Boost\Library\PackageCache\com.unity.visualscripting@1.6.1\Editor\VisualScripting.Core\Dependencies\YamlDotNet\Unity.VisualScripting.YamlDotNet.dll
Symbol file LoadedFromMemory doesn't match image D:\Unity 3d Gamedev course\Project Boost\Library\PackageCache\com.unity.visualscripting@1.6.1\Editor\VisualScripting.Core\Dependencies\DotNetZip\Unity.VisualScripting.IonicZip.dll
Native extension for WindowsStandalone target not found
Native extension for WebGL target not found
Refreshing native plugins compatible for Editor in 0.67 ms, found 3 plugins.
Preloading 0 native plugins for Editor in 0.00 ms.
Mono: successfully reloaded assembly
- Completed reload, in  0.845 seconds
Domain Reload Profiling:
	ReloadAssembly (845ms)
		BeginReloadAssembly (99ms)
			ExecutionOrderSort (0ms)
			DisableScriptedObjects (3ms)
			BackupInstance (0ms)
			ReleaseScriptingObjects (0ms)
			CreateAndSetChildDomain (31ms)
		EndReloadAssembly (693ms)
			LoadAssemblies (66ms)
			RebuildTransferFunctionScriptingTraits (0ms)
			SetupTypeCache (277ms)
			ReleaseScriptCaches (1ms)
			RebuildScriptCaches (35ms)
			SetupLoadedEditorAssemblies (232ms)
				LogAssemblyErrors (0ms)
				InitializePlatformSupportModulesInManaged (5ms)
				SetLoadedEditorAssemblies (0ms)
				RefreshPlugins (1ms)
				BeforeProcessingInitializeOnLoad (39ms)
				ProcessInitializeOnLoadAttributes (180ms)
				ProcessInitializeOnLoadMethodAttributes (4ms)
				AfterProcessingInitializeOnLoad (3ms)
				EditorAssembliesLoaded (0ms)
			ExecutionOrderSort2 (0ms)
			AwakeInstancesAfterBackupRestoration (7ms)
Platform modules already initialized, skipping
Refreshing native plugins compatible for Editor in 0.59 ms, found 3 plugins.
Preloading 0 native plugins for Editor in 0.00 ms.
Unloading 2933 Unused Serialized files (Serialized files now loaded: 0)
System memory in use before: 109.4 MB.
System memory in use after: 109.6 MB.

Unloading 18 unused Assets to reduce memory usage. Loaded Objects now: 3426.
Total: 2.056400 ms (FindLiveObjects: 0.253400 ms CreateObjectMapping: 0.072400 ms MarkObjects: 1.683100 ms  DeleteObjects: 0.046500 ms)

AssetImportParameters requested are different than current active one (requested -> active):
  custom:framework-win-MediaFoundation: 216162199b28c13a410421893ffa2e32 -> 
  custom:video-decoder-ogg-theora: a1e56fd34408186e4bbccfd4996cb3dc -> 
  custom:container-muxer-webm: aa71ff27fc2769a1b78a27578f13a17b -> 
  custom:container-demuxer-webm: 4f35f7cbe854078d1ac9338744f61a02 -> 
  custom:container-demuxer-ogg: 62fdf1f143b41e24485cea50d1cbac27 -> 
  custom:video-encoder-webm-vp8: eb34c28f22e8b96e1ab97ce403110664 -> 
  custom:video-decoder-webm-vp8: 9c59270c3fd7afecdb556c50c9e8de78 -> 
  custom:audio-decoder-ogg-vorbis: bf7c407c2cedff20999df2af8eb42d56 -> 
  custom:audio-encoder-webm-vorbis: bf7c407c2cedff20999df2af8eb42d56 -> 
AssetImportWorkerClient::OnTransportError - code=2 error=End of file
